Build started 17/07/2015 10:39:47.
     1>Project "D:\OpenGL\ExperimenterSource\Chapter20\BallAndTorusShaderized\BallAndTorusShaderized.vcxproj" on node 2 (Build target(s)).
     1>ClCompile:
         C:\Program Files (x86)\Microsoft Visual Studio 12.0\VC\bin\CL.exe /c /I"..\..\..\glm-0.9.6.3" /I"..\..\..\glew-1.10.0\include\\" /I"..\..\..\freeglut-MSVC-2.8.1-1.mp\include" /ZI /nologo /W3 /WX- /Od /Oy- /D WIN32 /D _DEBUG /D _CONSOLE /D _UNICODE /D UNICODE /Gm /EHsc /RTC1 /MDd /GS /fp:precise /Zc:wchar_t /Zc:forScope /Fo"Debug\\" /Fd"Debug\vc120.pdb" /Gd /TP /analyze- /errorReport:prompt ballAndTorusShaderized.cpp hemisphere.cpp torus.cpp
         torus.cpp
     1>d:\opengl\experimentersource\chapter20\ballandtorusshaderized\torus.cpp(28): warning C4244: '=' : conversion from 'double' to 'float', possible loss of data
     1>d:\opengl\experimentersource\chapter20\ballandtorusshaderized\torus.cpp(29): warning C4244: '=' : conversion from 'double' to 'float', possible loss of data
     1>d:\opengl\experimentersource\chapter20\ballandtorusshaderized\torus.cpp(30): warning C4244: '=' : conversion from 'double' to 'float', possible loss of data
         hemisphere.cpp
     1>d:\opengl\experimentersource\chapter20\ballandtorusshaderized\hemisphere.cpp(28): warning C4244: '=' : conversion from 'double' to 'float', possible loss of data
     1>d:\opengl\experimentersource\chapter20\ballandtorusshaderized\hemisphere.cpp(29): warning C4244: '=' : conversion from 'double' to 'float', possible loss of data
     1>d:\opengl\experimentersource\chapter20\ballandtorusshaderized\hemisphere.cpp(30): warning C4244: '=' : conversion from 'double' to 'float', possible loss of data
         ballAndTorusShaderized.cpp
         Generating Code...
       Link:
         C:\Program Files (x86)\Microsoft Visual Studio 12.0\VC\bin\link.exe /ERRORREPORT:PROMPT /OUT:"D:\OpenGL\ExperimenterSource\Chapter20\BallAndTorusShaderized\Debug\BallAndTorusShaderized.exe" /INCREMENTAL /NOLOGO /LIBPATH:"..\..\..\freeglut-MSVC-2.8.1-1.mp\lib" /LIBPATH:"..\..\..\glew-1.10.0\lib\Release\Win32" kernel32.lib user32.lib gdi32.lib winspool.lib comdlg32.lib advapi32.lib shell32.lib ole32.lib oleaut32.lib uuid.lib odbc32.lib odbccp32.lib /MANIFEST /MANIFESTUAC:"level='asInvoker' uiAccess='false'" /manifest:embed /DEBUG /PDB:"D:\OpenGL\ExperimenterSource\Chapter20\BallAndTorusShaderized\Debug\BallAndTorusShaderized.pdb" /SUBSYSTEM:CONSOLE /TLBID:1 /DYNAMICBASE /NXCOMPAT /IMPLIB:"D:\OpenGL\ExperimenterSource\Chapter20\BallAndTorusShaderized\Debug\BallAndTorusShaderized.lib" /MACHINE:X86 Debug\ballAndTorusShaderized.obj
         Debug\hemisphere.obj
         Debug\shader.obj
         Debug\torus.obj
         BallAndTorusShaderized.vcxproj -> D:\OpenGL\ExperimenterSource\Chapter20\BallAndTorusShaderized\Debug\BallAndTorusShaderized.exe
     1>Done Building Project "D:\OpenGL\ExperimenterSource\Chapter20\BallAndTorusShaderized\BallAndTorusShaderized.vcxproj" (Build target(s)).

Build succeeded.

Time Elapsed 00:00:06.73
